<?xml version="1.0" encoding="UTF-8"?>
<!-- Generated by org.testng.reporters.JUnitReportReporter -->
<testsuite hostname="Lakshmi" failures="0" tests="4" name="mytests.GoogleHomePageTest" time="14.011" errors="0" timestamp="2025-02-17T15:46:06 MST" skipped="0">
  <testcase classname="mytests.GoogleHomePageTest" name="dispaly_Searchbox_Suggestions" time="3.093"/>
  <testcase classname="mytests.GoogleHomePageTest" name="verifyAllWindows" time="5.296"/>
  <testcase classname="mytests.GoogleHomePageTest" name="googleTitleTest" time="3.483"/>
  <testcase classname="mytests.GoogleHomePageTest" name="isTextBoxDisplayed" time="2.139"/>
</testsuite> <!-- mytests.GoogleHomePageTest -->
