<?xml version="1.0" encoding="UTF-8"?>
<!-- Generated by org.testng.reporters.JUnitReportReporter -->
<testsuite hostname="Lakshmi" failures="0" tests="4" name="mytests.GoogleHomePageTest" time="20.000" errors="0" timestamp="2025-02-17T15:29:58 MST" skipped="0">
  <testcase classname="mytests.GoogleHomePageTest" name="isTextBoxDisplayed" time="3.621"/>
  <testcase classname="mytests.GoogleHomePageTest" name="dispaly_Searchbox_Suggestions" time="4.750"/>
  <testcase classname="mytests.GoogleHomePageTest" name="googleTitleTest" time="4.729"/>
  <testcase classname="mytests.GoogleHomePageTest" name="verifyAllWindows" time="6.900"/>
</testsuite> <!-- mytests.GoogleHomePageTest -->
