<?xml version="1.0" encoding="UTF-8"?>
<!-- Generated by org.testng.reporters.JUnitReportReporter -->
<testsuite hostname="Lakshmi" failures="0" tests="4" name="mytests.GoogleHomePageTest" time="6.964" errors="0" timestamp="2025-01-29T17:07:36 MST" skipped="3">
  <testcase classname="mytests.GoogleHomePageTest" name="verifyAllWindows" time="6.964"/>
  <testcase classname="mytests.GoogleHomePageTest" name="dispaly_Searchbox_Suggestions">
    <skipped/>
  </testcase> <!-- dispaly_Searchbox_Suggestions -->
  <testcase classname="mytests.GoogleHomePageTest" name="isTextBoxDisplayed">
    <skipped/>
  </testcase> <!-- isTextBoxDisplayed -->
  <testcase classname="mytests.GoogleHomePageTest" name="googleTitleTest">
    <skipped/>
  </testcase> <!-- googleTitleTest -->
</testsuite> <!-- mytests.GoogleHomePageTest -->
