<?xml version="1.0" encoding="UTF-8"?>
<!-- Generated by org.testng.reporters.JUnitReportReporter -->
<testsuite hostname="Lakshmi" failures="0" tests="3" name="mytests.SeleniumGridParallel" time="7.678" errors="0" timestamp="2025-02-06T16:50:59 MST" skipped="0">
  <testcase classname="mytests.SeleniumGridParallel" name="testGoogle" time="2.444"/>
  <testcase classname="mytests.SeleniumGridParallel" name="testGoogle" time="2.767"/>
  <testcase classname="mytests.SeleniumGridParallel" name="testGoogle" time="2.467"/>
</testsuite> <!-- mytests.SeleniumGridParallel -->
